<?xml version="1.0" encoding="UTF-8"?>
<testsuite xmlns:xsi="http://www.w3.org/2001/XMLSchema-instance" xsi:noNamespaceSchemaLocation="https://maven.apache.org/surefire/maven-surefire-plugin/xsd/surefire-test-report.xsd" name="user.management.system.MainTests" time="9.749" tests="5" errors="0" skipped="0" failures="0">
  <properties>
[...]
</properties>
  <testcase name="saveTicket_Testing" classname="user.management.system.MainTests" time="1.851"/>
  <testcase name="AddUser_Testing" classname="user.management.system.MainTests" time="0.216"/>
  <testcase name="ChangePassword_Testing" classname="user.management.system.MainTests" time="0.003"/>
  <testcase name="updateUser_Testing" classname="user.management.system.MainTests" time="0.003"/>
  <testcase name="CreateUser_Testing" classname="user.management.system.MainTests" time="0.004"/>
</testsuite>